<?xml version="1.0" encoding="utf-8"?><testsuites><testsuite name="pytest" errors="0" failures="0" skipped="7" tests="42" time="0.084" timestamp="2025-05-26T22:21:28.618100+09:00" hostname="x4"><testcase classname="tests.integration.test_data_integrity.TestBasicDataIntegrity" name="test_format_roundtrip_basic" time="0.001" /><testcase classname="tests.integration.test_data_integrity.TestBasicDataIntegrity" name="test_request_roundtrip_basic" time="0.001" /><testcase classname="tests.integration.test_data_integrity.TestBasicDataIntegrity" name="test_response_roundtrip_basic" time="0.001" /><testcase classname="tests.integration.test_data_integrity.TestBasicDataIntegrity" name="test_bit_conversion_integrity" time="0.001" /><testcase classname="tests.integration.test_data_integrity.TestBasicDataIntegrity" name="test_bytes_conversion_consistency" time="0.000" /><testcase classname="tests.integration.test_data_integrity.TestBasicDataIntegrity" name="test_checksum_recalculation" time="0.000" /><testcase classname="tests.integration.test_data_integrity.TestExtendedFieldIntegrity" name="test_simple_extended_field_roundtrip" time="0.000"><skipped type="pytest.skip" message="拡張フィールドの実装に問題があるため一時的にスキップ">C:\Users\szk27\OneDrive\デスクトップ\WTP\WTP\tests\integration\test_data_integrity.py:101: 拡張フィールドの実装に問題があるため一時的にスキップ</skipped></testcase><testcase classname="tests.integration.test_data_integrity.TestExtendedFieldIntegrity" name="test_complex_extended_field_roundtrip" time="0.000"><skipped type="pytest.skip" message="拡張フィールドの実装に問題があるため一時的にスキップ">C:\Users\szk27\OneDrive\デスクトップ\WTP\WTP\tests\integration\test_data_integrity.py:117: 拡張フィールドの実装に問題があるため一時的にスキップ</skipped></testcase><testcase classname="tests.integration.test_data_integrity.TestExtendedFieldIntegrity" name="test_japanese_text_integrity" time="0.002" /><testcase classname="tests.integration.test_data_integrity.TestExtendedFieldIntegrity" name="test_special_characters_integrity" time="0.000"><skipped type="pytest.skip" message="特殊文字処理に問題があるため一時的にスキップ">C:\Users\szk27\OneDrive\デスクトップ\WTP\WTP\tests\integration\test_data_integrity.py:155: 特殊文字処理に問題があるため一時的にスキップ</skipped></testcase><testcase classname="tests.integration.test_data_integrity.TestExtendedFieldIntegrity" name="test_numeric_field_precision" time="0.000"><skipped type="pytest.skip" message="数値フィールドの処理に問題があるため一時的にスキップ">C:\Users\szk27\OneDrive\デスクトップ\WTP\WTP\tests\integration\test_data_integrity.py:184: 数値フィールドの処理に問題があるため一時的にスキップ</skipped></testcase><testcase classname="tests.integration.test_data_integrity.TestBoundaryValueIntegrity" name="test_boundary_values_roundtrip" time="0.004" /><testcase classname="tests.integration.test_data_integrity.TestBoundaryValueIntegrity" name="test_maximum_values_integrity" time="0.000"><skipped type="pytest.skip" message="境界値テストでweather_codeフィールドの問題があるため一時的にスキップ">C:\Users\szk27\OneDrive\デスクトップ\WTP\WTP\tests\integration\test_data_integrity.py:234: 境界値テストでweather_codeフィールドの問題があるため一時的にスキップ</skipped></testcase><testcase classname="tests.integration.test_data_integrity.TestBoundaryValueIntegrity" name="test_minimum_values_integrity" time="0.000"><skipped type="pytest.skip" message="境界値テストでweather_codeフィールドの問題があるため一時的にスキップ">C:\Users\szk27\OneDrive\デスクトップ\WTP\WTP\tests\integration\test_data_integrity.py:253: 境界値テストでweather_codeフィールドの問題があるため一時的にスキップ</skipped></testcase><testcase classname="tests.integration.test_data_integrity.TestResponseSpecificIntegrity" name="test_weather_data_integrity" time="0.001" /><testcase classname="tests.integration.test_data_integrity.TestResponseSpecificIntegrity" name="test_response_with_extended_fields" time="0.000"><skipped type="pytest.skip" message="拡張フィールド付きレスポンスの処理に問題があるため一時的にスキップ">C:\Users\szk27\OneDrive\デスクトップ\WTP\WTP\tests\integration\test_data_integrity.py:299: 拡張フィールド付きレスポンスの処理に問題があるため一時的にスキップ</skipped></testcase><testcase classname="tests.integration.test_data_integrity.TestLargeDataIntegrity" name="test_timestamp_variations_integrity" time="0.001" /><testcase classname="tests.integration.test_extended_field_detailed.TestExtendedFieldDiagnostics" name="test_individual_field_analysis" time="0.004" /><testcase classname="tests.integration.test_extended_field_detailed.TestExtendedFieldDiagnostics" name="test_field_combinations" time="0.002" /><testcase classname="tests.integration.test_extended_field_detailed.TestExtendedFieldDiagnostics" name="test_bit_structure_analysis" time="0.001" /><testcase classname="tests.integration.test_extended_field_detailed.TestExtendedFieldDiagnostics" name="test_real_world_scenarios" time="0.002" /><testcase classname="tests.unit.test_bit_utils.TestExtractBits" name="test_basic_extraction" time="0.001" /><testcase classname="tests.unit.test_bit_utils.TestExtractBits" name="test_single_bit_extraction" time="0.000" /><testcase classname="tests.unit.test_bit_utils.TestExtractBits" name="test_full_width_extraction" time="0.000" /><testcase classname="tests.unit.test_bit_utils.TestExtractBits" name="test_zero_value" time="0.000" /><testcase classname="tests.unit.test_bit_utils.TestExtractBits" name="test_large_numbers" time="0.000" /><testcase classname="tests.unit.test_bit_utils.TestExtractBits" name="test_boundary_conditions" time="0.000" /><testcase classname="tests.unit.test_bit_utils.TestExtractBits" name="test_invalid_length" time="0.000" /><testcase classname="tests.unit.test_bit_utils.TestExtractBits" name="test_docstring_example" time="0.000" /><testcase classname="tests.unit.test_bit_utils.TestExtractBits" name="test_mask_behavior" time="0.000" /><testcase classname="tests.unit.test_bit_utils.TestExtractRestBits" name="test_basic_rest_extraction" time="0.000" /><testcase classname="tests.unit.test_bit_utils.TestExtractRestBits" name="test_start_position_zero" time="0.000" /><testcase classname="tests.unit.test_bit_utils.TestExtractRestBits" name="test_start_position_beyond_bits" time="0.000" /><testcase classname="tests.unit.test_bit_utils.TestExtractRestBits" name="test_single_bit_shifts" time="0.000" /><testcase classname="tests.unit.test_bit_utils.TestExtractRestBits" name="test_zero_value" time="0.000" /><testcase classname="tests.unit.test_bit_utils.TestExtractRestBits" name="test_large_numbers" time="0.000" /><testcase classname="tests.unit.test_bit_utils.TestExtractRestBits" name="test_docstring_example" time="0.000" /><testcase classname="tests.unit.test_bit_utils.TestExtractRestBits" name="test_right_shift_behavior" time="0.000" /><testcase classname="tests.unit.test_bit_utils.TestBitUtilsIntegration" name="test_extract_and_rest_combination" time="0.000" /><testcase classname="tests.unit.test_bit_utils.TestBitUtilsIntegration" name="test_field_extraction_simulation" time="0.000" /><testcase classname="tests.unit.test_bit_utils.TestBitUtilsIntegration" name="test_performance_patterns" time="0.000" /><testcase classname="tests.unit.test_bit_utils.TestBitUtilsIntegration" name="test_edge_case_combinations" time="0.000" /></testsuite></testsuites>